mode: set
gitlab.com/mailru-go/lectures-2022-1/06_databases/99_hw/redditclone/pkg/handler/post.go:48.68,50.16 2 1
gitlab.com/mailru-go/lectures-2022-1/06_databases/99_hw/redditclone/pkg/handler/post.go:54.2,56.23 3 1
gitlab.com/mailru-go/lectures-2022-1/06_databases/99_hw/redditclone/pkg/handler/post.go:60.2,61.16 2 1
gitlab.com/mailru-go/lectures-2022-1/06_databases/99_hw/redditclone/pkg/handler/post.go:50.16,53.3 2 1
gitlab.com/mailru-go/lectures-2022-1/06_databases/99_hw/redditclone/pkg/handler/post.go:56.23,59.3 2 0
gitlab.com/mailru-go/lectures-2022-1/06_databases/99_hw/redditclone/pkg/handler/post.go:61.16,64.3 2 0
gitlab.com/mailru-go/lectures-2022-1/06_databases/99_hw/redditclone/pkg/handler/post.go:67.72,70.11 3 1
gitlab.com/mailru-go/lectures-2022-1/06_databases/99_hw/redditclone/pkg/handler/post.go:74.2,75.16 2 1
gitlab.com/mailru-go/lectures-2022-1/06_databases/99_hw/redditclone/pkg/handler/post.go:79.2,81.17 3 1
gitlab.com/mailru-go/lectures-2022-1/06_databases/99_hw/redditclone/pkg/handler/post.go:85.2,86.16 2 1
gitlab.com/mailru-go/lectures-2022-1/06_databases/99_hw/redditclone/pkg/handler/post.go:70.11,73.3 2 0
gitlab.com/mailru-go/lectures-2022-1/06_databases/99_hw/redditclone/pkg/handler/post.go:75.16,78.3 2 1
gitlab.com/mailru-go/lectures-2022-1/06_databases/99_hw/redditclone/pkg/handler/post.go:81.17,84.3 2 0
gitlab.com/mailru-go/lectures-2022-1/06_databases/99_hw/redditclone/pkg/handler/post.go:86.16,89.3 2 0
gitlab.com/mailru-go/lectures-2022-1/06_databases/99_hw/redditclone/pkg/handler/post.go:93.67,96.11 3 1
gitlab.com/mailru-go/lectures-2022-1/06_databases/99_hw/redditclone/pkg/handler/post.go:100.2,101.16 2 1
gitlab.com/mailru-go/lectures-2022-1/06_databases/99_hw/redditclone/pkg/handler/post.go:106.2,107.20 2 1
gitlab.com/mailru-go/lectures-2022-1/06_databases/99_hw/redditclone/pkg/handler/post.go:110.2,111.16 2 1
gitlab.com/mailru-go/lectures-2022-1/06_databases/99_hw/redditclone/pkg/handler/post.go:96.11,99.3 2 0
gitlab.com/mailru-go/lectures-2022-1/06_databases/99_hw/redditclone/pkg/handler/post.go:101.16,104.3 2 1
gitlab.com/mailru-go/lectures-2022-1/06_databases/99_hw/redditclone/pkg/handler/post.go:107.20,109.3 1 0
gitlab.com/mailru-go/lectures-2022-1/06_databases/99_hw/redditclone/pkg/handler/post.go:111.16,114.3 2 0
gitlab.com/mailru-go/lectures-2022-1/06_databases/99_hw/redditclone/pkg/handler/post.go:116.67,119.17 2 1
gitlab.com/mailru-go/lectures-2022-1/06_databases/99_hw/redditclone/pkg/handler/post.go:124.2,125.16 2 1
gitlab.com/mailru-go/lectures-2022-1/06_databases/99_hw/redditclone/pkg/handler/post.go:131.2,133.17 3 1
gitlab.com/mailru-go/lectures-2022-1/06_databases/99_hw/redditclone/pkg/handler/post.go:139.2,143.17 5 1
gitlab.com/mailru-go/lectures-2022-1/06_databases/99_hw/redditclone/pkg/handler/post.go:147.2,148.17 2 1
gitlab.com/mailru-go/lectures-2022-1/06_databases/99_hw/redditclone/pkg/handler/post.go:154.2,155.17 2 1
gitlab.com/mailru-go/lectures-2022-1/06_databases/99_hw/redditclone/pkg/handler/post.go:160.2,161.17 2 1
gitlab.com/mailru-go/lectures-2022-1/06_databases/99_hw/redditclone/pkg/handler/post.go:166.2,166.44 1 1
gitlab.com/mailru-go/lectures-2022-1/06_databases/99_hw/redditclone/pkg/handler/post.go:119.17,123.3 3 0
gitlab.com/mailru-go/lectures-2022-1/06_databases/99_hw/redditclone/pkg/handler/post.go:125.16,129.3 3 0
gitlab.com/mailru-go/lectures-2022-1/06_databases/99_hw/redditclone/pkg/handler/post.go:133.17,137.3 3 0
gitlab.com/mailru-go/lectures-2022-1/06_databases/99_hw/redditclone/pkg/handler/post.go:143.17,146.3 2 1
gitlab.com/mailru-go/lectures-2022-1/06_databases/99_hw/redditclone/pkg/handler/post.go:148.17,152.3 3 0
gitlab.com/mailru-go/lectures-2022-1/06_databases/99_hw/redditclone/pkg/handler/post.go:155.17,159.3 3 0
gitlab.com/mailru-go/lectures-2022-1/06_databases/99_hw/redditclone/pkg/handler/post.go:161.17,165.3 3 0
gitlab.com/mailru-go/lectures-2022-1/06_databases/99_hw/redditclone/pkg/handler/post.go:169.74,172.17 2 1
gitlab.com/mailru-go/lectures-2022-1/06_databases/99_hw/redditclone/pkg/handler/post.go:175.2,176.17 2 1
gitlab.com/mailru-go/lectures-2022-1/06_databases/99_hw/redditclone/pkg/handler/post.go:181.2,183.11 3 1
gitlab.com/mailru-go/lectures-2022-1/06_databases/99_hw/redditclone/pkg/handler/post.go:188.2,190.16 3 1
gitlab.com/mailru-go/lectures-2022-1/06_databases/99_hw/redditclone/pkg/handler/post.go:194.2,194.24 1 1
gitlab.com/mailru-go/lectures-2022-1/06_databases/99_hw/redditclone/pkg/handler/post.go:214.2,217.16 4 1
gitlab.com/mailru-go/lectures-2022-1/06_databases/99_hw/redditclone/pkg/handler/post.go:221.2,222.23 2 1
gitlab.com/mailru-go/lectures-2022-1/06_databases/99_hw/redditclone/pkg/handler/post.go:225.2,226.16 2 1
gitlab.com/mailru-go/lectures-2022-1/06_databases/99_hw/redditclone/pkg/handler/post.go:172.17,174.3 1 0
gitlab.com/mailru-go/lectures-2022-1/06_databases/99_hw/redditclone/pkg/handler/post.go:176.17,179.3 2 0
gitlab.com/mailru-go/lectures-2022-1/06_databases/99_hw/redditclone/pkg/handler/post.go:183.11,186.3 2 0
gitlab.com/mailru-go/lectures-2022-1/06_databases/99_hw/redditclone/pkg/handler/post.go:190.16,193.3 2 0
gitlab.com/mailru-go/lectures-2022-1/06_databases/99_hw/redditclone/pkg/handler/post.go:194.24,203.18 2 1
gitlab.com/mailru-go/lectures-2022-1/06_databases/99_hw/redditclone/pkg/handler/post.go:206.3,208.17 3 1
gitlab.com/mailru-go/lectures-2022-1/06_databases/99_hw/redditclone/pkg/handler/post.go:212.3,212.9 1 1
gitlab.com/mailru-go/lectures-2022-1/06_databases/99_hw/redditclone/pkg/handler/post.go:203.18,205.4 1 0
gitlab.com/mailru-go/lectures-2022-1/06_databases/99_hw/redditclone/pkg/handler/post.go:208.17,211.4 2 0
gitlab.com/mailru-go/lectures-2022-1/06_databases/99_hw/redditclone/pkg/handler/post.go:217.16,220.3 2 1
gitlab.com/mailru-go/lectures-2022-1/06_databases/99_hw/redditclone/pkg/handler/post.go:222.23,224.3 1 0
gitlab.com/mailru-go/lectures-2022-1/06_databases/99_hw/redditclone/pkg/handler/post.go:226.16,229.3 2 0
gitlab.com/mailru-go/lectures-2022-1/06_databases/99_hw/redditclone/pkg/handler/post.go:232.77,236.11 3 1
gitlab.com/mailru-go/lectures-2022-1/06_databases/99_hw/redditclone/pkg/handler/post.go:240.2,241.11 2 1
gitlab.com/mailru-go/lectures-2022-1/06_databases/99_hw/redditclone/pkg/handler/post.go:245.2,247.16 3 1
gitlab.com/mailru-go/lectures-2022-1/06_databases/99_hw/redditclone/pkg/handler/post.go:251.2,252.23 2 1
gitlab.com/mailru-go/lectures-2022-1/06_databases/99_hw/redditclone/pkg/handler/post.go:255.2,256.16 2 1
gitlab.com/mailru-go/lectures-2022-1/06_databases/99_hw/redditclone/pkg/handler/post.go:236.11,238.3 1 0
gitlab.com/mailru-go/lectures-2022-1/06_databases/99_hw/redditclone/pkg/handler/post.go:241.11,244.3 2 0
gitlab.com/mailru-go/lectures-2022-1/06_databases/99_hw/redditclone/pkg/handler/post.go:247.16,250.3 2 1
gitlab.com/mailru-go/lectures-2022-1/06_databases/99_hw/redditclone/pkg/handler/post.go:252.23,254.3 1 0
gitlab.com/mailru-go/lectures-2022-1/06_databases/99_hw/redditclone/pkg/handler/post.go:256.16,259.3 2 0
gitlab.com/mailru-go/lectures-2022-1/06_databases/99_hw/redditclone/pkg/handler/post.go:262.70,265.11 3 1
gitlab.com/mailru-go/lectures-2022-1/06_databases/99_hw/redditclone/pkg/handler/post.go:269.2,272.16 4 1
gitlab.com/mailru-go/lectures-2022-1/06_databases/99_hw/redditclone/pkg/handler/post.go:277.2,277.16 1 1
gitlab.com/mailru-go/lectures-2022-1/06_databases/99_hw/redditclone/pkg/handler/post.go:282.2,283.23 2 1
gitlab.com/mailru-go/lectures-2022-1/06_databases/99_hw/redditclone/pkg/handler/post.go:287.2,288.16 2 1
gitlab.com/mailru-go/lectures-2022-1/06_databases/99_hw/redditclone/pkg/handler/post.go:265.11,268.3 2 0
gitlab.com/mailru-go/lectures-2022-1/06_databases/99_hw/redditclone/pkg/handler/post.go:272.16,275.3 2 1
gitlab.com/mailru-go/lectures-2022-1/06_databases/99_hw/redditclone/pkg/handler/post.go:277.16,280.3 2 0
gitlab.com/mailru-go/lectures-2022-1/06_databases/99_hw/redditclone/pkg/handler/post.go:283.23,286.3 2 0
gitlab.com/mailru-go/lectures-2022-1/06_databases/99_hw/redditclone/pkg/handler/post.go:288.16,291.3 2 0
gitlab.com/mailru-go/lectures-2022-1/06_databases/99_hw/redditclone/pkg/handler/post.go:294.72,297.11 3 1
gitlab.com/mailru-go/lectures-2022-1/06_databases/99_hw/redditclone/pkg/handler/post.go:301.2,305.16 4 1
gitlab.com/mailru-go/lectures-2022-1/06_databases/99_hw/redditclone/pkg/handler/post.go:309.2,310.23 2 1
gitlab.com/mailru-go/lectures-2022-1/06_databases/99_hw/redditclone/pkg/handler/post.go:313.2,314.16 2 1
gitlab.com/mailru-go/lectures-2022-1/06_databases/99_hw/redditclone/pkg/handler/post.go:297.11,300.3 2 0
gitlab.com/mailru-go/lectures-2022-1/06_databases/99_hw/redditclone/pkg/handler/post.go:305.16,308.3 2 1
gitlab.com/mailru-go/lectures-2022-1/06_databases/99_hw/redditclone/pkg/handler/post.go:310.23,312.3 1 0
gitlab.com/mailru-go/lectures-2022-1/06_databases/99_hw/redditclone/pkg/handler/post.go:314.16,317.3 2 0
gitlab.com/mailru-go/lectures-2022-1/06_databases/99_hw/redditclone/pkg/handler/post.go:320.70,323.11 3 1
gitlab.com/mailru-go/lectures-2022-1/06_databases/99_hw/redditclone/pkg/handler/post.go:327.2,331.16 4 1
gitlab.com/mailru-go/lectures-2022-1/06_databases/99_hw/redditclone/pkg/handler/post.go:335.2,335.16 1 1
gitlab.com/mailru-go/lectures-2022-1/06_databases/99_hw/redditclone/pkg/handler/post.go:339.2,340.23 2 1
gitlab.com/mailru-go/lectures-2022-1/06_databases/99_hw/redditclone/pkg/handler/post.go:343.2,344.16 2 1
gitlab.com/mailru-go/lectures-2022-1/06_databases/99_hw/redditclone/pkg/handler/post.go:323.11,326.3 2 0
gitlab.com/mailru-go/lectures-2022-1/06_databases/99_hw/redditclone/pkg/handler/post.go:331.16,334.3 2 1
gitlab.com/mailru-go/lectures-2022-1/06_databases/99_hw/redditclone/pkg/handler/post.go:335.16,338.3 2 0
gitlab.com/mailru-go/lectures-2022-1/06_databases/99_hw/redditclone/pkg/handler/post.go:340.23,342.3 1 0
gitlab.com/mailru-go/lectures-2022-1/06_databases/99_hw/redditclone/pkg/handler/post.go:344.16,347.3 2 0
gitlab.com/mailru-go/lectures-2022-1/06_databases/99_hw/redditclone/pkg/handler/post.go:350.50,351.66 1 1
gitlab.com/mailru-go/lectures-2022-1/06_databases/99_hw/redditclone/pkg/handler/post.go:358.2,361.16 4 1
gitlab.com/mailru-go/lectures-2022-1/06_databases/99_hw/redditclone/pkg/handler/post.go:365.2,370.10 3 1
gitlab.com/mailru-go/lectures-2022-1/06_databases/99_hw/redditclone/pkg/handler/post.go:351.66,353.37 2 1
gitlab.com/mailru-go/lectures-2022-1/06_databases/99_hw/redditclone/pkg/handler/post.go:356.3,356.33 1 1
gitlab.com/mailru-go/lectures-2022-1/06_databases/99_hw/redditclone/pkg/handler/post.go:353.37,355.4 1 0
gitlab.com/mailru-go/lectures-2022-1/06_databases/99_hw/redditclone/pkg/handler/post.go:361.16,363.3 1 1
gitlab.com/mailru-go/lectures-2022-1/06_databases/99_hw/redditclone/pkg/handler/post.go:373.74,377.11 3 1
gitlab.com/mailru-go/lectures-2022-1/06_databases/99_hw/redditclone/pkg/handler/post.go:381.2,382.16 2 1
gitlab.com/mailru-go/lectures-2022-1/06_databases/99_hw/redditclone/pkg/handler/post.go:386.2,386.8 1 1
gitlab.com/mailru-go/lectures-2022-1/06_databases/99_hw/redditclone/pkg/handler/post.go:377.11,380.3 2 0
gitlab.com/mailru-go/lectures-2022-1/06_databases/99_hw/redditclone/pkg/handler/post.go:382.16,385.3 2 1
gitlab.com/mailru-go/lectures-2022-1/06_databases/99_hw/redditclone/pkg/handler/post.go:386.8,388.3 1 1
gitlab.com/mailru-go/lectures-2022-1/06_databases/99_hw/redditclone/pkg/handler/post.go:388.8,390.3 1 1
gitlab.com/mailru-go/lectures-2022-1/06_databases/99_hw/redditclone/pkg/handler/post.go:393.78,396.11 3 1
gitlab.com/mailru-go/lectures-2022-1/06_databases/99_hw/redditclone/pkg/handler/post.go:401.2,402.16 2 1
gitlab.com/mailru-go/lectures-2022-1/06_databases/99_hw/redditclone/pkg/handler/post.go:406.2,407.23 2 1
gitlab.com/mailru-go/lectures-2022-1/06_databases/99_hw/redditclone/pkg/handler/post.go:410.2,411.16 2 1
gitlab.com/mailru-go/lectures-2022-1/06_databases/99_hw/redditclone/pkg/handler/post.go:396.11,399.3 2 0
gitlab.com/mailru-go/lectures-2022-1/06_databases/99_hw/redditclone/pkg/handler/post.go:402.16,405.3 2 1
gitlab.com/mailru-go/lectures-2022-1/06_databases/99_hw/redditclone/pkg/handler/post.go:407.23,409.3 1 0
gitlab.com/mailru-go/lectures-2022-1/06_databases/99_hw/redditclone/pkg/handler/post.go:411.16,414.3 2 0
gitlab.com/mailru-go/lectures-2022-1/06_databases/99_hw/redditclone/pkg/handler/post.go:419.39,419.56 1 1
gitlab.com/mailru-go/lectures-2022-1/06_databases/99_hw/redditclone/pkg/handler/post.go:420.39,420.73 1 0
gitlab.com/mailru-go/lectures-2022-1/06_databases/99_hw/redditclone/pkg/handler/post.go:421.39,421.66 1 0
gitlab.com/mailru-go/lectures-2022-1/06_databases/99_hw/redditclone/pkg/handler/user.go:31.53,36.23 2 1
gitlab.com/mailru-go/lectures-2022-1/06_databases/99_hw/redditclone/pkg/handler/user.go:39.2,40.16 2 1
gitlab.com/mailru-go/lectures-2022-1/06_databases/99_hw/redditclone/pkg/handler/user.go:36.23,38.3 1 0
gitlab.com/mailru-go/lectures-2022-1/06_databases/99_hw/redditclone/pkg/handler/user.go:40.16,43.3 2 0
gitlab.com/mailru-go/lectures-2022-1/06_databases/99_hw/redditclone/pkg/handler/user.go:46.66,48.20 2 1
gitlab.com/mailru-go/lectures-2022-1/06_databases/99_hw/redditclone/pkg/handler/user.go:52.2,53.17 2 1
gitlab.com/mailru-go/lectures-2022-1/06_databases/99_hw/redditclone/pkg/handler/user.go:57.2,59.16 3 1
gitlab.com/mailru-go/lectures-2022-1/06_databases/99_hw/redditclone/pkg/handler/user.go:64.2,65.18 2 1
gitlab.com/mailru-go/lectures-2022-1/06_databases/99_hw/redditclone/pkg/handler/user.go:70.2,71.22 2 1
gitlab.com/mailru-go/lectures-2022-1/06_databases/99_hw/redditclone/pkg/handler/user.go:75.2,84.16 3 1
gitlab.com/mailru-go/lectures-2022-1/06_databases/99_hw/redditclone/pkg/handler/user.go:89.2,92.20 2 1
gitlab.com/mailru-go/lectures-2022-1/06_databases/99_hw/redditclone/pkg/handler/user.go:96.2,97.16 2 1
gitlab.com/mailru-go/lectures-2022-1/06_databases/99_hw/redditclone/pkg/handler/user.go:48.20,51.3 2 0
gitlab.com/mailru-go/lectures-2022-1/06_databases/99_hw/redditclone/pkg/handler/user.go:53.17,56.3 2 0
gitlab.com/mailru-go/lectures-2022-1/06_databases/99_hw/redditclone/pkg/handler/user.go:59.16,62.3 2 0
gitlab.com/mailru-go/lectures-2022-1/06_databases/99_hw/redditclone/pkg/handler/user.go:65.18,69.3 3 1
gitlab.com/mailru-go/lectures-2022-1/06_databases/99_hw/redditclone/pkg/handler/user.go:71.22,74.3 2 1
gitlab.com/mailru-go/lectures-2022-1/06_databases/99_hw/redditclone/pkg/handler/user.go:84.16,87.3 2 0
gitlab.com/mailru-go/lectures-2022-1/06_databases/99_hw/redditclone/pkg/handler/user.go:92.20,95.3 2 0
gitlab.com/mailru-go/lectures-2022-1/06_databases/99_hw/redditclone/pkg/handler/user.go:97.16,100.3 2 0
gitlab.com/mailru-go/lectures-2022-1/06_databases/99_hw/redditclone/pkg/handler/user.go:103.76,105.20 2 1
gitlab.com/mailru-go/lectures-2022-1/06_databases/99_hw/redditclone/pkg/handler/user.go:109.2,110.17 2 1
gitlab.com/mailru-go/lectures-2022-1/06_databases/99_hw/redditclone/pkg/handler/user.go:115.2,117.16 3 1
gitlab.com/mailru-go/lectures-2022-1/06_databases/99_hw/redditclone/pkg/handler/user.go:121.2,122.31 2 1
gitlab.com/mailru-go/lectures-2022-1/06_databases/99_hw/redditclone/pkg/handler/user.go:148.2,149.18 2 1
gitlab.com/mailru-go/lectures-2022-1/06_databases/99_hw/redditclone/pkg/handler/user.go:153.2,154.22 2 1
gitlab.com/mailru-go/lectures-2022-1/06_databases/99_hw/redditclone/pkg/handler/user.go:158.2,167.16 3 1
gitlab.com/mailru-go/lectures-2022-1/06_databases/99_hw/redditclone/pkg/handler/user.go:172.2,175.20 2 1
gitlab.com/mailru-go/lectures-2022-1/06_databases/99_hw/redditclone/pkg/handler/user.go:180.2,181.16 2 1
gitlab.com/mailru-go/lectures-2022-1/06_databases/99_hw/redditclone/pkg/handler/user.go:105.20,108.3 2 0
gitlab.com/mailru-go/lectures-2022-1/06_databases/99_hw/redditclone/pkg/handler/user.go:110.17,113.3 2 0
gitlab.com/mailru-go/lectures-2022-1/06_databases/99_hw/redditclone/pkg/handler/user.go:117.16,120.3 2 0
gitlab.com/mailru-go/lectures-2022-1/06_databases/99_hw/redditclone/pkg/handler/user.go:122.31,123.45 1 1
gitlab.com/mailru-go/lectures-2022-1/06_databases/99_hw/redditclone/pkg/handler/user.go:123.45,133.19 2 1
gitlab.com/mailru-go/lectures-2022-1/06_databases/99_hw/redditclone/pkg/handler/user.go:136.4,138.18 3 1
gitlab.com/mailru-go/lectures-2022-1/06_databases/99_hw/redditclone/pkg/handler/user.go:142.4,142.10 1 1
gitlab.com/mailru-go/lectures-2022-1/06_databases/99_hw/redditclone/pkg/handler/user.go:133.19,135.5 1 0
gitlab.com/mailru-go/lectures-2022-1/06_databases/99_hw/redditclone/pkg/handler/user.go:138.18,141.5 2 0
gitlab.com/mailru-go/lectures-2022-1/06_databases/99_hw/redditclone/pkg/handler/user.go:143.9,146.4 2 1
gitlab.com/mailru-go/lectures-2022-1/06_databases/99_hw/redditclone/pkg/handler/user.go:149.18,152.3 2 0
gitlab.com/mailru-go/lectures-2022-1/06_databases/99_hw/redditclone/pkg/handler/user.go:154.22,157.3 2 1
gitlab.com/mailru-go/lectures-2022-1/06_databases/99_hw/redditclone/pkg/handler/user.go:167.16,170.3 2 0
gitlab.com/mailru-go/lectures-2022-1/06_databases/99_hw/redditclone/pkg/handler/user.go:175.20,178.3 2 0
gitlab.com/mailru-go/lectures-2022-1/06_databases/99_hw/redditclone/pkg/handler/user.go:181.16,184.3 2 0
