mode: set
gitlab.com/mailru-go/lectures-2022-1/06_databases/99_hw/redditclone/pkg/repo/PostF.go:21.52,25.2 1 1
gitlab.com/mailru-go/lectures-2022-1/06_databases/99_hw/redditclone/pkg/repo/PostF.go:27.56,37.16 10 1
gitlab.com/mailru-go/lectures-2022-1/06_databases/99_hw/redditclone/pkg/repo/PostF.go:41.2,41.15 1 1
gitlab.com/mailru-go/lectures-2022-1/06_databases/99_hw/redditclone/pkg/repo/PostF.go:37.16,40.3 2 1
gitlab.com/mailru-go/lectures-2022-1/06_databases/99_hw/redditclone/pkg/repo/PostF.go:43.53,45.2 1 1
gitlab.com/mailru-go/lectures-2022-1/06_databases/99_hw/redditclone/pkg/repo/PostF.go:46.49,48.2 1 1
gitlab.com/mailru-go/lectures-2022-1/06_databases/99_hw/redditclone/pkg/repo/PostF.go:49.64,51.2 1 1
gitlab.com/mailru-go/lectures-2022-1/06_databases/99_hw/redditclone/pkg/repo/PostF.go:52.69,54.2 1 1
gitlab.com/mailru-go/lectures-2022-1/06_databases/99_hw/redditclone/pkg/repo/PostF.go:55.92,57.16 2 1
gitlab.com/mailru-go/lectures-2022-1/06_databases/99_hw/redditclone/pkg/repo/PostF.go:61.2,62.16 2 1
gitlab.com/mailru-go/lectures-2022-1/06_databases/99_hw/redditclone/pkg/repo/PostF.go:65.2,65.29 1 1
gitlab.com/mailru-go/lectures-2022-1/06_databases/99_hw/redditclone/pkg/repo/PostF.go:57.16,60.3 2 1
gitlab.com/mailru-go/lectures-2022-1/06_databases/99_hw/redditclone/pkg/repo/PostF.go:62.16,64.3 1 0
gitlab.com/mailru-go/lectures-2022-1/06_databases/99_hw/redditclone/pkg/repo/PostF.go:67.84,69.16 2 1
gitlab.com/mailru-go/lectures-2022-1/06_databases/99_hw/redditclone/pkg/repo/PostF.go:73.2,74.32 2 1
gitlab.com/mailru-go/lectures-2022-1/06_databases/99_hw/redditclone/pkg/repo/PostF.go:69.16,72.3 2 1
gitlab.com/mailru-go/lectures-2022-1/06_databases/99_hw/redditclone/pkg/repo/PostF.go:76.93,78.16 2 1
gitlab.com/mailru-go/lectures-2022-1/06_databases/99_hw/redditclone/pkg/repo/PostF.go:82.2,83.16 2 1
gitlab.com/mailru-go/lectures-2022-1/06_databases/99_hw/redditclone/pkg/repo/PostF.go:87.2,89.27 3 1
gitlab.com/mailru-go/lectures-2022-1/06_databases/99_hw/redditclone/pkg/repo/PostF.go:78.16,81.3 2 1
gitlab.com/mailru-go/lectures-2022-1/06_databases/99_hw/redditclone/pkg/repo/PostF.go:83.16,86.3 2 1
gitlab.com/mailru-go/lectures-2022-1/06_databases/99_hw/redditclone/pkg/repo/PostF.go:91.50,93.2 1 1
gitlab.com/mailru-go/lectures-2022-1/06_databases/99_hw/redditclone/pkg/repo/PostF.go:95.35,99.34 4 1
gitlab.com/mailru-go/lectures-2022-1/06_databases/99_hw/redditclone/pkg/repo/PostF.go:105.2,106.16 2 1
gitlab.com/mailru-go/lectures-2022-1/06_databases/99_hw/redditclone/pkg/repo/PostF.go:110.2,110.80 1 1
gitlab.com/mailru-go/lectures-2022-1/06_databases/99_hw/redditclone/pkg/repo/PostF.go:99.34,101.21 2 1
gitlab.com/mailru-go/lectures-2022-1/06_databases/99_hw/redditclone/pkg/repo/PostF.go:101.21,103.4 1 1
gitlab.com/mailru-go/lectures-2022-1/06_databases/99_hw/redditclone/pkg/repo/PostF.go:106.16,109.3 2 1
gitlab.com/mailru-go/lectures-2022-1/06_databases/99_hw/redditclone/pkg/repo/repo.go:19.38,21.2 1 0
gitlab.com/mailru-go/lectures-2022-1/06_databases/99_hw/redditclone/pkg/repo/repo_mongo.go:16.56,18.2 1 0
gitlab.com/mailru-go/lectures-2022-1/06_databases/99_hw/redditclone/pkg/repo/repo_mongo.go:20.40,22.16 2 0
gitlab.com/mailru-go/lectures-2022-1/06_databases/99_hw/redditclone/pkg/repo/repo_mongo.go:26.2,26.12 1 0
gitlab.com/mailru-go/lectures-2022-1/06_databases/99_hw/redditclone/pkg/repo/repo_mongo.go:22.16,25.3 2 0
gitlab.com/mailru-go/lectures-2022-1/06_databases/99_hw/redditclone/pkg/repo/repo_mongo.go:29.66,31.16 2 0
gitlab.com/mailru-go/lectures-2022-1/06_databases/99_hw/redditclone/pkg/repo/repo_mongo.go:34.2,34.15 1 0
gitlab.com/mailru-go/lectures-2022-1/06_databases/99_hw/redditclone/pkg/repo/repo_mongo.go:31.16,33.3 1 0
gitlab.com/mailru-go/lectures-2022-1/06_databases/99_hw/redditclone/pkg/repo/repo_mongo.go:37.63,40.16 3 0
gitlab.com/mailru-go/lectures-2022-1/06_databases/99_hw/redditclone/pkg/repo/repo_mongo.go:44.2,44.18 1 0
gitlab.com/mailru-go/lectures-2022-1/06_databases/99_hw/redditclone/pkg/repo/repo_mongo.go:40.16,43.3 2 0
gitlab.com/mailru-go/lectures-2022-1/06_databases/99_hw/redditclone/pkg/repo/repo_mongo.go:47.101,50.16 3 0
gitlab.com/mailru-go/lectures-2022-1/06_databases/99_hw/redditclone/pkg/repo/repo_mongo.go:54.2,54.31 1 0
gitlab.com/mailru-go/lectures-2022-1/06_databases/99_hw/redditclone/pkg/repo/repo_mongo.go:62.2,62.34 1 0
gitlab.com/mailru-go/lectures-2022-1/06_databases/99_hw/redditclone/pkg/repo/repo_mongo.go:65.2,66.17 2 0
gitlab.com/mailru-go/lectures-2022-1/06_databases/99_hw/redditclone/pkg/repo/repo_mongo.go:50.16,53.3 2 0
gitlab.com/mailru-go/lectures-2022-1/06_databases/99_hw/redditclone/pkg/repo/repo_mongo.go:54.31,57.17 3 0
gitlab.com/mailru-go/lectures-2022-1/06_databases/99_hw/redditclone/pkg/repo/repo_mongo.go:60.3,60.27 1 0
gitlab.com/mailru-go/lectures-2022-1/06_databases/99_hw/redditclone/pkg/repo/repo_mongo.go:57.17,59.4 1 0
gitlab.com/mailru-go/lectures-2022-1/06_databases/99_hw/redditclone/pkg/repo/repo_mongo.go:62.34,64.3 1 0
gitlab.com/mailru-go/lectures-2022-1/06_databases/99_hw/redditclone/pkg/repo/repo_mongo.go:69.73,73.16 2 0
gitlab.com/mailru-go/lectures-2022-1/06_databases/99_hw/redditclone/pkg/repo/repo_mongo.go:76.2,76.18 1 0
gitlab.com/mailru-go/lectures-2022-1/06_databases/99_hw/redditclone/pkg/repo/repo_mongo.go:73.16,75.3 1 0
gitlab.com/mailru-go/lectures-2022-1/06_databases/99_hw/redditclone/pkg/repo/repo_mongo.go:78.76,80.16 2 0
gitlab.com/mailru-go/lectures-2022-1/06_databases/99_hw/redditclone/pkg/repo/repo_mongo.go:83.2,83.18 1 0
gitlab.com/mailru-go/lectures-2022-1/06_databases/99_hw/redditclone/pkg/repo/repo_mongo.go:80.16,82.3 1 0
gitlab.com/mailru-go/lectures-2022-1/06_databases/99_hw/redditclone/pkg/repo/repo_mongo.go:86.71,90.22 2 0
gitlab.com/mailru-go/lectures-2022-1/06_databases/99_hw/redditclone/pkg/repo/repo_mongo.go:94.2,94.17 1 0
gitlab.com/mailru-go/lectures-2022-1/06_databases/99_hw/redditclone/pkg/repo/repo_mongo.go:90.22,93.3 2 0
gitlab.com/mailru-go/lectures-2022-1/06_databases/99_hw/redditclone/pkg/repo/repo_mongo.go:97.60,99.16 2 0
gitlab.com/mailru-go/lectures-2022-1/06_databases/99_hw/redditclone/pkg/repo/repo_mongo.go:102.2,102.18 1 0
gitlab.com/mailru-go/lectures-2022-1/06_databases/99_hw/redditclone/pkg/repo/repo_mongo.go:99.16,101.3 1 0
